Application Internal Error - Z:\SOLUTION.EXE
Terminated at: 2017-04-12 08:14:07
Erro irrecuper vel 6005: Exception error:

    Exception Code:C0000006 IN_PAGE_ERROR
    Exception Address:00446509
    EAX:00000000  EBX:005BDFE0  ECX:005BDFE0  EDX:00000001
    ESI:0062A4C0  EDI:005CE940  EBP:0030759C
    CS:EIP:001B:00446509  SS:ESP:0023:0022F8E0
    DS:0023  ES:0023  FS:003B  GS:0000
    Flags:00010246
    Exception Parameters: 00000000 0062A4C0 C000000D
    CS:EIP: 80 3E B4 0F 86 BE 00 00 00 31 C0 31 F6 31 FF 89
    SS:ESP: 00000014 00000000 A2C9C26D 00000000 00309F84 00000005 003075AC 0046B70D 00000014 00000000 0030759C 004AFFF8 00308C24 00000001 00000000 00000000

    C stack:
    EIP:     EBP:       Frame: OldEBP, RetAddr, Params...
    00446509 0030759C   00307848 00307ACC 003077AC 00307840 00000000 0030546C 0000000D 0022000A 00000000 003052EC
    00307ACC 00307848   0030B674 0030B69C 0030B6C4 0030B6EC 0030B714 0030B73C 0030B764 0030B78C 0030B7B4 0030B7DC


Modules:
00400000 0039D000 Z:\SOLUTION.EXE
77620000 0013C000 C:\Windows\SYSTEM32\ntdll.dll
75B20000 000D4000 C:\Windows\system32\kernel32.dll
75980000 0004A000 C:\Windows\system32\KERNELBASE.dll
75C00000 000A0000 C:\Windows\system32\ADVAPI32.dll
765D0000 000AC000 C:\Windows\system32\msvcrt.dll
77760000 00019000 C:\Windows\SYSTEM32\sechost.dll
777A0000 000A1000 C:\Windows\system32\RPCRT4.dll
744F0000 0019E000 C:\Windows\WinSxS\x86_microsoft.windows.common-controls_6595b64144ccf1df_6.0.7601.17514_none_41e6975e2bd6f2b2\COMCTL32.DLL
76760000 0004E000 C:\Windows\system32\GDI32.dll
76690000 000C9000 C:\Windows\system32\USER32.dll
76270000 0000A000 C:\Windows\system32\LPK.dll
77520000 0009D000 C:\Windows\system32\USP10.dll
775C0000 00057000 C:\Windows\system32\SHLWAPI.dll
76000000 0015C000 C:\Windows\system32\ole32.dll
77490000 0008F000 C:\Windows\system32\OLEAUT32.dll
767C0000 00C4A000 C:\Windows\system32\SHELL32.dll
77780000 0001F000 C:\Windows\system32\IMM32.DLL
76360000 000CC000 C:\Windows\system32\MSCTF.dll
74470000 00040000 C:\Windows\system32\uxtheme.dll
74190000 00013000 C:\Windows\system32\dwmapi.dll
75740000 0000C000 C:\Windows\system32\CRYPTBASE.dll
76280000 00083000 C:\Windows\system32\CLBCatQ.DLL
681C0000 00021000 C:\Windows\system32\wshom.ocx
738F0000 00012000 C:\Windows\system32\MPR.dll
681F0000 0002A000 C:\Windows\system32\ScrRun.dll
74CC0000 00009000 C:\Windows\system32\VERSION.dll
75750000 0005F000 C:\Windows\system32\SXS.DLL
74950000 000F5000 C:\Windows\system32\PROPSYS.dll
74B80000 00021000 C:\Windows\system32\ntmarta.dll
77440000 00045000 C:\Windows\system32\WLDAP32.dll
757C0000 0000B000 C:\Windows\system32\profapi.dll
76160000 00110000 C:\Windows\system32\urlmon.dll
75E40000 001B6000 C:\Windows\system32\iertutil.dll
764B0000 0011A000 C:\Windows\system32\WININET.dll
767B0000 00003000 C:\Windows\system32\Normaliz.dll
754D0000 00008000 C:\Windows\system32\Secur32.dll
75690000 0001B000 C:\Windows\system32\SSPICLI.DLL
738E0000 00008000 C:\Windows\System32\drprov.dll
75710000 00029000 C:\Windows\System32\WINSTA.dll
738C0000 00014000 C:\Windows\System32\ntlanman.dll
71AF0000 00017000 C:\Windows\System32\davclnt.dll
738B0000 00008000 C:\Windows\System32\DAVHLPR.dll
73F20000 0000F000 C:\Windows\system32\wkscli.dll
71AE0000 0000B000 C:\Windows\system32\cscapi.dll
73F30000 00009000 C:\Windows\system32\netutils.dll
756C0000 0004C000 C:\Windows\system32\apphelp.dll

Called from MANCLI(0) in MANCLI.PRG
Called from (b)MENUMAN(78) in MENUS.PRG
Called from MENUMAN(142) in MENUS.PRG
Called from (b)MENUPRI(19) in MENUS.PRG
Called from MENUPRI(53) in MENUS.PRG
Called from MAIN(411) in SOLUTION.PRG
------------------------------------------------------------------------
